Refreshing Terraform state in-memory prior to plan...
The refreshed state will be used to calculate this plan, but will not be
persisted to local or remote state storage.

data.template_file.aws_bootstrap: Refreshing state...
data.aws_availability_zone.use1-alice: Refreshing state...
data.aws_availability_zone.use1-bob: Refreshing state...
data.aws_availability_zone.use1-william: Refreshing state...
data.aws_ami.debian9: Refreshing state...

------------------------------------------------------------------------

An execution plan has been generated and is shown below.
Resource actions are indicated with the following symbols:
  + create

Terraform will perform the following actions:

+ aws_eip.haproxy
      id:                                                <computed>
      allocation_id:                                     <computed>
      association_id:                                    <computed>
      domain:                                            <computed>
      instance:                                          <computed>
      network_interface:                                 <computed>
      private_ip:                                        <computed>
      public_ip:                                         <computed>
      tags.%:                                            "3"
      tags.DIVISION:                                     "INFRASTRUCTURE"
      tags.Name:                                         "haproxy"
      tags.SUBDIVISION:                                  "ENGINEERING_SERVICES"
      vpc:                                               "true"

  + aws_eip.nginx_cluster[0]
      id:                                                <computed>
      allocation_id:                                     <computed>
      association_id:                                    <computed>
      domain:                                            <computed>
      instance:                                          <computed>
      network_interface:                                 <computed>
      private_ip:                                        <computed>
      public_ip:                                         <computed>
      tags.%:                                            "3"
      tags.DIVISION:                                     "INFRASTRUCTURE"
      tags.Name:                                         "nginx-001"
      tags.SUBDIVISION:                                  "ENGINEERING_SERVICES"
      vpc:                                               "true"

  + aws_eip.nginx_cluster[1]
      id:                                                <computed>
      allocation_id:                                     <computed>
      association_id:                                    <computed>
      domain:                                            <computed>
      instance:                                          <computed>
      network_interface:                                 <computed>
      private_ip:                                        <computed>
      public_ip:                                         <computed>
      tags.%:                                            "3"
      tags.DIVISION:                                     "INFRASTRUCTURE"
      tags.Name:                                         "nginx-002"
      tags.SUBDIVISION:                                  "ENGINEERING_SERVICES"
      vpc:                                               "true"

  + aws_eip.nginx_cluster[2]
      id:                                                <computed>
      allocation_id:                                     <computed>
      association_id:                                    <computed>
      domain:                                            <computed>
      instance:                                          <computed>
      network_interface:                                 <computed>
      private_ip:                                        <computed>
      public_ip:                                         <computed>
      tags.%:                                            "3"
      tags.DIVISION:                                     "INFRASTRUCTURE"
      tags.Name:                                         "nginx-003"
      tags.SUBDIVISION:                                  "ENGINEERING_SERVICES"
      vpc:                                               "true"

  + aws_eip.nginx_cluster[3]
      id:                                                <computed>
      allocation_id:                                     <computed>
      association_id:                                    <computed>
      domain:                                            <computed>
      instance:                                          <computed>
      network_interface:                                 <computed>
      private_ip:                                        <computed>
      public_ip:                                         <computed>
      tags.%:                                            "3"
      tags.DIVISION:                                     "INFRASTRUCTURE"
      tags.Name:                                         "nginx-004"
      tags.SUBDIVISION:                                  "ENGINEERING_SERVICES"
      vpc:                                               "true"

  + aws_eip.nginx_cluster[4]
      id:                                                <computed>
      allocation_id:                                     <computed>
      association_id:                                    <computed>
      domain:                                            <computed>
      instance:                                          <computed>
      network_interface:                                 <computed>
      private_ip:                                        <computed>
      public_ip:                                         <computed>
      tags.%:                                            "3"
      tags.DIVISION:                                     "INFRASTRUCTURE"
      tags.Name:                                         "nginx-005"
      tags.SUBDIVISION:                                  "ENGINEERING_SERVICES"
      vpc:                                               "true"

  + aws_eip.use1-nat-william
      id:                                                <computed>
      allocation_id:                                     <computed>
      association_id:                                    <computed>
      domain:                                            <computed>
      instance:                                          <computed>
      network_interface:                                 <computed>
      private_ip:                                        <computed>
      public_ip:                                         <computed>
      tags.%:                                            "2"
      tags.DIVISION:                                     "INFRASTRUCTURE"
      tags.SUBDIVISION:                                  "INFRASTRUCTURE_SHAREDSERVICES"
      vpc:                                               "true"

  + aws_eip_association.haproxy
      id:                                                <computed>
      allocation_id:                                     "${aws_eip.haproxy.id}"
      instance_id:                                       "${aws_instance.haproxy.id}"
      network_interface_id:                              <computed>
      private_ip_address:                                <computed>
      public_ip:                                         <computed>

  + aws_eip_association.nginx_cluster[0]
      id:                                                <computed>
      allocation_id:                                     "${element(aws_eip.nginx_cluster.*.id, count.index)}"
      instance_id:                                       "${element(aws_instance.nginx_cluster.*.id, count.index)}"
      network_interface_id:                              <computed>
      private_ip_address:                                <computed>
      public_ip:                                         <computed>

  + aws_eip_association.nginx_cluster[1]
      id:                                                <computed>
      allocation_id:                                     "${element(aws_eip.nginx_cluster.*.id, count.index)}"
      instance_id:                                       "${element(aws_instance.nginx_cluster.*.id, count.index)}"
      network_interface_id:                              <computed>
      private_ip_address:                                <computed>
      public_ip:                                         <computed>

  + aws_eip_association.nginx_cluster[2]
      id:                                                <computed>
      allocation_id:                                     "${element(aws_eip.nginx_cluster.*.id, count.index)}"
      instance_id:                                       "${element(aws_instance.nginx_cluster.*.id, count.index)}"
      network_interface_id:                              <computed>
      private_ip_address:                                <computed>
      public_ip:                                         <computed>

  + aws_eip_association.nginx_cluster[3]
      id:                                                <computed>
      allocation_id:                                     "${element(aws_eip.nginx_cluster.*.id, count.index)}"
      instance_id:                                       "${element(aws_instance.nginx_cluster.*.id, count.index)}"
      network_interface_id:                              <computed>
      private_ip_address:                                <computed>
      public_ip:                                         <computed>

  + aws_eip_association.nginx_cluster[4]
      id:                                                <computed>
      allocation_id:                                     "${element(aws_eip.nginx_cluster.*.id, count.index)}"
      instance_id:                                       "${element(aws_instance.nginx_cluster.*.id, count.index)}"
      network_interface_id:                              <computed>
      private_ip_address:                                <computed>
      public_ip:                                         <computed>

  + aws_instance.haproxy
      id:                                                <computed>
      ami:                                               "ami-017b679ef539c260f"
      arn:                                               <computed>
      associate_public_ip_address:                       <computed>
      availability_zone:                                 "us-east-1d"
      cpu_core_count:                                    <computed>
      cpu_threads_per_core:                              <computed>
      ebs_block_device.#:                                <computed>
      ephemeral_block_device.#:                          <computed>
      get_password_data:                                 "false"
      instance_state:                                    <computed>
      instance_type:                                     "m5.large"
      ipv6_address_count:                                <computed>
      ipv6_addresses.#:                                  <computed>
      key_name:                                          "use1-ssh-key"
      network_interface.#:                               <computed>
      network_interface_id:                              <computed>
      password_data:                                     <computed>
      placement_group:                                   <computed>
      primary_network_interface_id:                      <computed>
      private_dns:                                       <computed>
      private_ip:                                        <computed>
      public_dns:                                        <computed>
      public_ip:                                         <computed>
      root_block_device.#:                               "1"
      root_block_device.0.delete_on_termination:         "true"
      root_block_device.0.volume_id:                     <computed>
      root_block_device.0.volume_size:                   "250"
      root_block_device.0.volume_type:                   "gp2"
      security_groups.#:                                 <computed>
      source_dest_check:                                 "true"
      subnet_id:                                         "${aws_subnet.use1-bob-public.id}"
      tags.%:                                            "4"
      tags.DIVISION:                                     "INFRASTRUCTURE"
      tags.Name:                                         "haproxy"
      tags.SUBDIVISION:                                  "ENGINEERING_SERVICES"
      tags.Type:                                         "haproxy"
      tenancy:                                           <computed>
      volume_tags.%:                                     "4"
      volume_tags.DIVISION:                              "INFRASTRUCTURE"
      volume_tags.Name:                                  "haproxy"
      volume_tags.SUBDIVISION:                           "ENGINEERING_SERVICES"
      volume_tags.Type:                                  "haproxy"
      vpc_security_group_ids.#:                          <computed>

  + aws_instance.nginx_cluster[0]
      id:                                                <computed>
      ami:                                               "ami-017b679ef539c260f"
      arn:                                               <computed>
      associate_public_ip_address:                       <computed>
      availability_zone:                                 "us-east-1d"
      cpu_core_count:                                    <computed>
      cpu_threads_per_core:                              <computed>
      ebs_block_device.#:                                "1"
      ebs_block_device.2576023345.delete_on_termination: "true"
      ebs_block_device.2576023345.device_name:           "/dev/sdb"
      ebs_block_device.2576023345.encrypted:             <computed>
      ebs_block_device.2576023345.snapshot_id:           <computed>
      ebs_block_device.2576023345.volume_id:             <computed>
      ebs_block_device.2576023345.volume_size:           "30"
      ebs_block_device.2576023345.volume_type:           "gp2"
      ephemeral_block_device.#:                          <computed>
      get_password_data:                                 "false"
      instance_state:                                    <computed>
      instance_type:                                     "m5.2xlarge"
      ipv6_address_count:                                <computed>
      ipv6_addresses.#:                                  <computed>
      key_name:                                          "use1-ssh-key"
      network_interface.#:                               <computed>
      network_interface_id:                              <computed>
      password_data:                                     <computed>
      placement_group:                                   <computed>
      primary_network_interface_id:                      <computed>
      private_dns:                                       <computed>
      private_ip:                                        <computed>
      public_dns:                                        <computed>
      public_ip:                                         <computed>
      root_block_device.#:                               "1"
      root_block_device.0.delete_on_termination:         "true"
      root_block_device.0.volume_id:                     <computed>
      root_block_device.0.volume_size:                   "250"
      root_block_device.0.volume_type:                   "gp2"
      security_groups.#:                                 <computed>
      source_dest_check:                                 "true"
      subnet_id:                                         "${aws_subnet.use1-bob-public.id}"
      tags.%:                                            "4"
      tags.DIVISION:                                     "INFRASTRUCTURE"
      tags.Name:                                         "nginx-001"
      tags.SUBDIVISION:                                  "ENGINEERING_SERVICES"
      tags.Type:                                         "nginx"
      tenancy:                                           <computed>
      volume_tags.%:                                     "4"
      volume_tags.DIVISION:                              "INFRASTRUCTURE"
      volume_tags.Name:                                  "nginx-001"
      volume_tags.SUBDIVISION:                           "ENGINEERING_SERVICES"
      volume_tags.Type:                                  "nginx"
      vpc_security_group_ids.#:                          <computed>

  + aws_instance.nginx_cluster[1]
      id:                                                <computed>
      ami:                                               "ami-017b679ef539c260f"
      arn:                                               <computed>
      associate_public_ip_address:                       <computed>
      availability_zone:                                 "us-east-1d"
      cpu_core_count:                                    <computed>
      cpu_threads_per_core:                              <computed>
      ebs_block_device.#:                                "1"
      ebs_block_device.2576023345.delete_on_termination: "true"
      ebs_block_device.2576023345.device_name:           "/dev/sdb"
      ebs_block_device.2576023345.encrypted:             <computed>
      ebs_block_device.2576023345.snapshot_id:           <computed>
      ebs_block_device.2576023345.volume_id:             <computed>
      ebs_block_device.2576023345.volume_size:           "30"
      ebs_block_device.2576023345.volume_type:           "gp2"
      ephemeral_block_device.#:                          <computed>
      get_password_data:                                 "false"
      instance_state:                                    <computed>
      instance_type:                                     "m5.2xlarge"
      ipv6_address_count:                                <computed>
      ipv6_addresses.#:                                  <computed>
      key_name:                                          "use1-ssh-key"
      network_interface.#:                               <computed>
      network_interface_id:                              <computed>
      password_data:                                     <computed>
      placement_group:                                   <computed>
      primary_network_interface_id:                      <computed>
      private_dns:                                       <computed>
      private_ip:                                        <computed>
      public_dns:                                        <computed>
      public_ip:                                         <computed>
      root_block_device.#:                               "1"
      root_block_device.0.delete_on_termination:         "true"
      root_block_device.0.volume_id:                     <computed>
      root_block_device.0.volume_size:                   "250"
      root_block_device.0.volume_type:                   "gp2"
      security_groups.#:                                 <computed>
      source_dest_check:                                 "true"
      subnet_id:                                         "${aws_subnet.use1-bob-public.id}"
      tags.%:                                            "4"
      tags.DIVISION:                                     "INFRASTRUCTURE"
      tags.Name:                                         "nginx-002"
      tags.SUBDIVISION:                                  "ENGINEERING_SERVICES"
      tags.Type:                                         "nginx"
      tenancy:                                           <computed>
      volume_tags.%:                                     "4"
      volume_tags.DIVISION:                              "INFRASTRUCTURE"
      volume_tags.Name:                                  "nginx-002"
      volume_tags.SUBDIVISION:                           "ENGINEERING_SERVICES"
      volume_tags.Type:                                  "nginx"
      vpc_security_group_ids.#:                          <computed>

  + aws_instance.nginx_cluster[2]
      id:                                                <computed>
      ami:                                               "ami-017b679ef539c260f"
      arn:                                               <computed>
      associate_public_ip_address:                       <computed>
      availability_zone:                                 "us-east-1d"
      cpu_core_count:                                    <computed>
      cpu_threads_per_core:                              <computed>
      ebs_block_device.#:                                "1"
      ebs_block_device.2576023345.delete_on_termination: "true"
      ebs_block_device.2576023345.device_name:           "/dev/sdb"
      ebs_block_device.2576023345.encrypted:             <computed>
      ebs_block_device.2576023345.snapshot_id:           <computed>
      ebs_block_device.2576023345.volume_id:             <computed>
      ebs_block_device.2576023345.volume_size:           "30"
      ebs_block_device.2576023345.volume_type:           "gp2"
      ephemeral_block_device.#:                          <computed>
      get_password_data:                                 "false"
      instance_state:                                    <computed>
      instance_type:                                     "m5.2xlarge"
      ipv6_address_count:                                <computed>
      ipv6_addresses.#:                                  <computed>
      key_name:                                          "use1-ssh-key"
      network_interface.#:                               <computed>
      network_interface_id:                              <computed>
      password_data:                                     <computed>
      placement_group:                                   <computed>
      primary_network_interface_id:                      <computed>
      private_dns:                                       <computed>
      private_ip:                                        <computed>
      public_dns:                                        <computed>
      public_ip:                                         <computed>
      root_block_device.#:                               "1"
      root_block_device.0.delete_on_termination:         "true"
      root_block_device.0.volume_id:                     <computed>
      root_block_device.0.volume_size:                   "250"
      root_block_device.0.volume_type:                   "gp2"
      security_groups.#:                                 <computed>
      source_dest_check:                                 "true"
      subnet_id:                                         "${aws_subnet.use1-bob-public.id}"
      tags.%:                                            "4"
      tags.DIVISION:                                     "INFRASTRUCTURE"
      tags.Name:                                         "nginx-003"
      tags.SUBDIVISION:                                  "ENGINEERING_SERVICES"
      tags.Type:                                         "nginx"
      tenancy:                                           <computed>
      volume_tags.%:                                     "4"
      volume_tags.DIVISION:                              "INFRASTRUCTURE"
      volume_tags.Name:                                  "nginx-003"
      volume_tags.SUBDIVISION:                           "ENGINEERING_SERVICES"
      volume_tags.Type:                                  "nginx"
      vpc_security_group_ids.#:                          <computed>

  + aws_instance.nginx_cluster[3]
      id:                                                <computed>
      ami:                                               "ami-017b679ef539c260f"
      arn:                                               <computed>
      associate_public_ip_address:                       <computed>
      availability_zone:                                 "us-east-1d"
      cpu_core_count:                                    <computed>
      cpu_threads_per_core:                              <computed>
      ebs_block_device.#:                                "1"
      ebs_block_device.2576023345.delete_on_termination: "true"
      ebs_block_device.2576023345.device_name:           "/dev/sdb"
      ebs_block_device.2576023345.encrypted:             <computed>
      ebs_block_device.2576023345.snapshot_id:           <computed>
      ebs_block_device.2576023345.volume_id:             <computed>
      ebs_block_device.2576023345.volume_size:           "30"
      ebs_block_device.2576023345.volume_type:           "gp2"
      ephemeral_block_device.#:                          <computed>
      get_password_data:                                 "false"
      instance_state:                                    <computed>
      instance_type:                                     "m5.2xlarge"
      ipv6_address_count:                                <computed>
      ipv6_addresses.#:                                  <computed>
      key_name:                                          "use1-ssh-key"
      network_interface.#:                               <computed>
      network_interface_id:                              <computed>
      password_data:                                     <computed>
      placement_group:                                   <computed>
      primary_network_interface_id:                      <computed>
      private_dns:                                       <computed>
      private_ip:                                        <computed>
      public_dns:                                        <computed>
      public_ip:                                         <computed>
      root_block_device.#:                               "1"
      root_block_device.0.delete_on_termination:         "true"
      root_block_device.0.volume_id:                     <computed>
      root_block_device.0.volume_size:                   "250"
      root_block_device.0.volume_type:                   "gp2"
      security_groups.#:                                 <computed>
      source_dest_check:                                 "true"
      subnet_id:                                         "${aws_subnet.use1-bob-public.id}"
      tags.%:                                            "4"
      tags.DIVISION:                                     "INFRASTRUCTURE"
      tags.Name:                                         "nginx-004"
      tags.SUBDIVISION:                                  "ENGINEERING_SERVICES"
      tags.Type:                                         "nginx"
      tenancy:                                           <computed>
      volume_tags.%:                                     "4"
      volume_tags.DIVISION:                              "INFRASTRUCTURE"
      volume_tags.Name:                                  "nginx-004"
      volume_tags.SUBDIVISION:                           "ENGINEERING_SERVICES"
      volume_tags.Type:                                  "nginx"
      vpc_security_group_ids.#:                          <computed>

  + aws_instance.nginx_cluster[4]
      id:                                                <computed>
      ami:                                               "ami-017b679ef539c260f"
      arn:                                               <computed>
      associate_public_ip_address:                       <computed>
      availability_zone:                                 "us-east-1d"
      cpu_core_count:                                    <computed>
      cpu_threads_per_core:                              <computed>
      ebs_block_device.#:                                "1"
      ebs_block_device.2576023345.delete_on_termination: "true"
      ebs_block_device.2576023345.device_name:           "/dev/sdb"
      ebs_block_device.2576023345.encrypted:             <computed>
      ebs_block_device.2576023345.snapshot_id:           <computed>
      ebs_block_device.2576023345.volume_id:             <computed>
      ebs_block_device.2576023345.volume_size:           "30"
      ebs_block_device.2576023345.volume_type:           "gp2"
      ephemeral_block_device.#:                          <computed>
      get_password_data:                                 "false"
      instance_state:                                    <computed>
      instance_type:                                     "m5.2xlarge"
      ipv6_address_count:                                <computed>
      ipv6_addresses.#:                                  <computed>
      key_name:                                          "use1-ssh-key"
      network_interface.#:                               <computed>
      network_interface_id:                              <computed>
      password_data:                                     <computed>
      placement_group:                                   <computed>
      primary_network_interface_id:                      <computed>
      private_dns:                                       <computed>
      private_ip:                                        <computed>
      public_dns:                                        <computed>
      public_ip:                                         <computed>
      root_block_device.#:                               "1"
      root_block_device.0.delete_on_termination:         "true"
      root_block_device.0.volume_id:                     <computed>
      root_block_device.0.volume_size:                   "250"
      root_block_device.0.volume_type:                   "gp2"
      security_groups.#:                                 <computed>
      source_dest_check:                                 "true"
      subnet_id:                                         "${aws_subnet.use1-bob-public.id}"
      tags.%:                                            "4"
      tags.DIVISION:                                     "INFRASTRUCTURE"
      tags.Name:                                         "nginx-005"
      tags.SUBDIVISION:                                  "ENGINEERING_SERVICES"
      tags.Type:                                         "nginx"
      tenancy:                                           <computed>
      volume_tags.%:                                     "4"
      volume_tags.DIVISION:                              "INFRASTRUCTURE"
      volume_tags.Name:                                  "nginx-005"
      volume_tags.SUBDIVISION:                           "ENGINEERING_SERVICES"
      volume_tags.Type:                                  "nginx"
      vpc_security_group_ids.#:                          <computed>

  + aws_internet_gateway.use1-igw
      id:                                                <computed>
      tags.%:                                            "2"
      tags.DIVISION:                                     "INFRASTRUCTURE"
      tags.SUBDIVISION:                                  "INFRASTRUCTURE_SHAREDSERVICES"
      vpc_id:                                            "${aws_vpc.use1-main.id}"

  + aws_nat_gateway.use1-nat-william
      id:                                                <computed>
      allocation_id:                                     "${aws_eip.use1-nat-william.id}"
      network_interface_id:                              <computed>
      private_ip:                                        <computed>
      public_ip:                                         <computed>
      subnet_id:                                         "${aws_subnet.use1-william-proxy.id}"
      tags.%:                                            "2"
      tags.DIVISION:                                     "INFRASTRUCTURE"
      tags.SUBDIVISION:                                  "INFRASTRUCTURE_SHAREDSERVICES"

  + aws_route_table.use1-proxy
      id:                                                <computed>
      propagating_vgws.#:                                <computed>
      route.#:                                           "2"
      route.~1220995013.cidr_block:                      "0.0.0.0/0"
      route.~1220995013.egress_only_gateway_id:          ""
      route.~1220995013.gateway_id:                      "${aws_internet_gateway.use1-igw.id}"
      route.~1220995013.instance_id:                     ""
      route.~1220995013.ipv6_cidr_block:                 ""
      route.~1220995013.nat_gateway_id:                  ""
      route.~1220995013.network_interface_id:            ""
      route.~1220995013.vpc_peering_connection_id:       ""
      route.~3352932851.cidr_block:                      "12.23.34.45/32"
      route.~3352932851.egress_only_gateway_id:          ""
      route.~3352932851.gateway_id:                      ""
      route.~3352932851.instance_id:                     ""
      route.~3352932851.ipv6_cidr_block:                 ""
      route.~3352932851.nat_gateway_id:                  "${aws_nat_gateway.use1-nat-william.id}"
      route.~3352932851.network_interface_id:            ""
      route.~3352932851.vpc_peering_connection_id:       ""
      tags.%:                                            "2"
      tags.DIVISION:                                     "INFRASTRUCTURE"
      tags.SUBDIVISION:                                  "INFRASTRUCTURE_SHAREDSERVICES"
      vpc_id:                                            "${aws_vpc.use1-main.id}"

  + aws_route_table.use1-public
      id:                                                <computed>
      propagating_vgws.#:                                <computed>
      route.#:                                           "4"
      route.~1111259364.cidr_block:                      "192.168.0.0/16"
      route.~1111259364.egress_only_gateway_id:          ""
      route.~1111259364.gateway_id:                      "${aws_vpn_gateway.use1-main.id}"
      route.~1111259364.instance_id:                     ""
      route.~1111259364.ipv6_cidr_block:                 ""
      route.~1111259364.nat_gateway_id:                  ""
      route.~1111259364.network_interface_id:            ""
      route.~1111259364.vpc_peering_connection_id:       ""
      route.~1220995013.cidr_block:                      "0.0.0.0/0"
      route.~1220995013.egress_only_gateway_id:          ""
      route.~1220995013.gateway_id:                      "${aws_internet_gateway.use1-igw.id}"
      route.~1220995013.instance_id:                     ""
      route.~1220995013.ipv6_cidr_block:                 ""
      route.~1220995013.nat_gateway_id:                  ""
      route.~1220995013.network_interface_id:            ""
      route.~1220995013.vpc_peering_connection_id:       ""
      route.~3331379152.cidr_block:                      "10.0.0.0/8"
      route.~3331379152.egress_only_gateway_id:          ""
      route.~3331379152.gateway_id:                      "${aws_vpn_gateway.use1-main.id}"
      route.~3331379152.instance_id:                     ""
      route.~3331379152.ipv6_cidr_block:                 ""
      route.~3331379152.nat_gateway_id:                  ""
      route.~3331379152.network_interface_id:            ""
      route.~3331379152.vpc_peering_connection_id:       ""
      route.~3619636777.cidr_block:                      "172.16.0.0/12"
      route.~3619636777.egress_only_gateway_id:          ""
      route.~3619636777.gateway_id:                      "${aws_vpn_gateway.use1-main.id}"
      route.~3619636777.instance_id:                     ""
      route.~3619636777.ipv6_cidr_block:                 ""
      route.~3619636777.nat_gateway_id:                  ""
      route.~3619636777.network_interface_id:            ""
      route.~3619636777.vpc_peering_connection_id:       ""
      tags.%:                                            "2"
      tags.DIVISION:                                     "INFRASTRUCTURE"
      tags.SUBDIVISION:                                  "INFRASTRUCTURE_SHAREDSERVICES"
      vpc_id:                                            "${aws_vpc.use1-main.id}"

  + aws_route_table_association.use1-proxy
      id:                                                <computed>
      route_table_id:                                    "${aws_route_table.use1-proxy.id}"
      subnet_id:                                         "${aws_subnet.use1-william-proxy.id}"

  + aws_route_table_association.use1-public-alice
      id:                                                <computed>
      route_table_id:                                    "${aws_route_table.use1-public.id}"
      subnet_id:                                         "${aws_subnet.use1-alice-public.id}"

  + aws_route_table_association.use1-public-bob
      id:                                                <computed>
      route_table_id:                                    "${aws_route_table.use1-public.id}"
      subnet_id:                                         "${aws_subnet.use1-bob-public.id}"

  + aws_security_group.db
      id:                                                <computed>
      arn:                                               <computed>
      description:                                       "Allow ports for DB nodes"
      egress.#:                                          "1"
      egress.482069346.cidr_blocks.#:                    "1"
      egress.482069346.cidr_blocks.0:                    "0.0.0.0/0"
      egress.482069346.description:                      ""
      egress.482069346.from_port:                        "0"
      egress.482069346.ipv6_cidr_blocks.#:               "0"
      egress.482069346.prefix_list_ids.#:                "0"
      egress.482069346.protocol:                         "-1"
      egress.482069346.security_groups.#:                "0"
      egress.482069346.self:                             "false"
      egress.482069346.to_port:                          "0"
      ingress.#:                                         "4"
      ingress.1098541575.cidr_blocks.#:                  "1"
      ingress.1098541575.cidr_blocks.0:                  "10.0.0.0/8"
      ingress.1098541575.description:                    ""
      ingress.1098541575.from_port:                      "3306"
      ingress.1098541575.ipv6_cidr_blocks.#:             "0"
      ingress.1098541575.protocol:                       "tcp"
      ingress.1098541575.security_groups.#:              "0"
      ingress.1098541575.self:                           "false"
      ingress.1098541575.to_port:                        "3306"
      ingress.2510676008.cidr_blocks.#:                  "1"
      ingress.2510676008.cidr_blocks.0:                  "0.0.0.0/0"
      ingress.2510676008.description:                    ""
      ingress.2510676008.from_port:                      "0"
      ingress.2510676008.ipv6_cidr_blocks.#:             "0"
      ingress.2510676008.protocol:                       "-1"
      ingress.2510676008.security_groups.#:              "0"
      ingress.2510676008.self:                           "true"
      ingress.2510676008.to_port:                        "0"
      ingress.443847884.cidr_blocks.#:                   "1"
      ingress.443847884.cidr_blocks.0:                   "10.0.0.0/8"
      ingress.443847884.description:                     ""
      ingress.443847884.from_port:                       "9200"
      ingress.443847884.ipv6_cidr_blocks.#:              "0"
      ingress.443847884.protocol:                        "tcp"
      ingress.443847884.security_groups.#:               "0"
      ingress.443847884.self:                            "false"
      ingress.443847884.to_port:                         "9200"
      ingress.89386786.cidr_blocks.#:                    "1"
      ingress.89386786.cidr_blocks.0:                    "10.0.0.0/8"
      ingress.89386786.description:                      ""
      ingress.89386786.from_port:                        "6379"
      ingress.89386786.ipv6_cidr_blocks.#:               "0"
      ingress.89386786.protocol:                         "tcp"
      ingress.89386786.security_groups.#:                "0"
      ingress.89386786.self:                             "false"
      ingress.89386786.to_port:                          "6379"
      name:                                              "db"
      owner_id:                                          <computed>
      revoke_rules_on_delete:                            "false"
      vpc_id:                                            "${aws_vpc.use1-main.id}"

  + aws_security_group.global
      id:                                                <computed>
      arn:                                               <computed>
      description:                                       "Allow all com inside the group"
      egress.#:                                          "1"
      egress.482069346.cidr_blocks.#:                    "1"
      egress.482069346.cidr_blocks.0:                    "0.0.0.0/0"
      egress.482069346.description:                      ""
      egress.482069346.from_port:                        "0"
      egress.482069346.ipv6_cidr_blocks.#:               "0"
      egress.482069346.prefix_list_ids.#:                "0"
      egress.482069346.protocol:                         "-1"
      egress.482069346.security_groups.#:                "0"
      egress.482069346.self:                             "false"
      egress.482069346.to_port:                          "0"
      ingress.#:                                         "2"
      ingress.179083333.cidr_blocks.#:                   "1"
      ingress.179083333.cidr_blocks.0:                   "10.0.0.0/8"
      ingress.179083333.description:                     ""
      ingress.179083333.from_port:                       "22"
      ingress.179083333.ipv6_cidr_blocks.#:              "0"
      ingress.179083333.protocol:                        "tcp"
      ingress.179083333.security_groups.#:               "0"
      ingress.179083333.self:                            "false"
      ingress.179083333.to_port:                         "22"
      ingress.2510676008.cidr_blocks.#:                  "1"
      ingress.2510676008.cidr_blocks.0:                  "0.0.0.0/0"
      ingress.2510676008.description:                    ""
      ingress.2510676008.from_port:                      "0"
      ingress.2510676008.ipv6_cidr_blocks.#:             "0"
      ingress.2510676008.protocol:                       "-1"
      ingress.2510676008.security_groups.#:              "0"
      ingress.2510676008.self:                           "true"
      ingress.2510676008.to_port:                        "0"
      name:                                              "global"
      owner_id:                                          <computed>
      revoke_rules_on_delete:                            "false"
      vpc_id:                                            "${aws_vpc.use1-main.id}"

  + aws_security_group.lb
      id:                                                <computed>
      arn:                                               <computed>
      description:                                       "Allow ports for LB"
      egress.#:                                          "1"
      egress.482069346.cidr_blocks.#:                    "1"
      egress.482069346.cidr_blocks.0:                    "0.0.0.0/0"
      egress.482069346.description:                      ""
      egress.482069346.from_port:                        "0"
      egress.482069346.ipv6_cidr_blocks.#:               "0"
      egress.482069346.prefix_list_ids.#:                "0"
      egress.482069346.protocol:                         "-1"
      egress.482069346.security_groups.#:                "0"
      egress.482069346.self:                             "false"
      egress.482069346.to_port:                          "0"
      ingress.#:                                         "3"
      ingress.2214680975.cidr_blocks.#:                  "1"
      ingress.2214680975.cidr_blocks.0:                  "0.0.0.0/0"
      ingress.2214680975.description:                    ""
      ingress.2214680975.from_port:                      "80"
      ingress.2214680975.ipv6_cidr_blocks.#:             "0"
      ingress.2214680975.protocol:                       "tcp"
      ingress.2214680975.security_groups.#:              "0"
      ingress.2214680975.self:                           "false"
      ingress.2214680975.to_port:                        "80"
      ingress.2510676008.cidr_blocks.#:                  "1"
      ingress.2510676008.cidr_blocks.0:                  "0.0.0.0/0"
      ingress.2510676008.description:                    ""
      ingress.2510676008.from_port:                      "0"
      ingress.2510676008.ipv6_cidr_blocks.#:             "0"
      ingress.2510676008.protocol:                       "-1"
      ingress.2510676008.security_groups.#:              "0"
      ingress.2510676008.self:                           "true"
      ingress.2510676008.to_port:                        "0"
      ingress.2617001939.cidr_blocks.#:                  "1"
      ingress.2617001939.cidr_blocks.0:                  "0.0.0.0/0"
      ingress.2617001939.description:                    ""
      ingress.2617001939.from_port:                      "443"
      ingress.2617001939.ipv6_cidr_blocks.#:             "0"
      ingress.2617001939.protocol:                       "tcp"
      ingress.2617001939.security_groups.#:              "0"
      ingress.2617001939.self:                           "false"
      ingress.2617001939.to_port:                        "443"
      name:                                              "lb"
      owner_id:                                          <computed>
      revoke_rules_on_delete:                            "false"
      vpc_id:                                            "${aws_vpc.use1-main.id}"

  + aws_security_group.web
      id:                                                <computed>
      arn:                                               <computed>
      description:                                       "Allow ports for web nodes"
      egress.#:                                          "1"
      egress.482069346.cidr_blocks.#:                    "1"
      egress.482069346.cidr_blocks.0:                    "0.0.0.0/0"
      egress.482069346.description:                      ""
      egress.482069346.from_port:                        "0"
      egress.482069346.ipv6_cidr_blocks.#:               "0"
      egress.482069346.prefix_list_ids.#:                "0"
      egress.482069346.protocol:                         "-1"
      egress.482069346.security_groups.#:                "0"
      egress.482069346.self:                             "false"
      egress.482069346.to_port:                          "0"
      ingress.#:                                         "1"
      ingress.2510676008.cidr_blocks.#:                  "1"
      ingress.2510676008.cidr_blocks.0:                  "0.0.0.0/0"
      ingress.2510676008.description:                    ""
      ingress.2510676008.from_port:                      "0"
      ingress.2510676008.ipv6_cidr_blocks.#:             "0"
      ingress.2510676008.protocol:                       "-1"
      ingress.2510676008.security_groups.#:              "0"
      ingress.2510676008.self:                           "true"
      ingress.2510676008.to_port:                        "0"
      name:                                              "web"
      owner_id:                                          <computed>
      revoke_rules_on_delete:                            "false"
      vpc_id:                                            "${aws_vpc.use1-main.id}"

  + aws_subnet.use1-alice-public
      id:                                                <computed>
      arn:                                               <computed>
      assign_ipv6_address_on_creation:                   "false"
      availability_zone:                                 "us-east-1c"
      cidr_block:                                        "10.5.230.0/24"
      ipv6_cidr_block:                                   <computed>
      ipv6_cidr_block_association_id:                    <computed>
      map_public_ip_on_launch:                           "false"
      tags.%:                                            "2"
      tags.DIVISION:                                     "INFRASTRUCTURE"
      tags.SUBDIVISION:                                  "INFRASTRUCTURE_SHAREDSERVICES"
      vpc_id:                                            "${aws_vpc.use1-main.id}"

  + aws_subnet.use1-bob-public
      id:                                                <computed>
      arn:                                               <computed>
      assign_ipv6_address_on_creation:                   "false"
      availability_zone:                                 "us-east-1d"
      cidr_block:                                        "10.5.229.0/24"
      ipv6_cidr_block:                                   <computed>
      ipv6_cidr_block_association_id:                    <computed>
      map_public_ip_on_launch:                           "false"
      tags.%:                                            "2"
      tags.DIVISION:                                     "INFRASTRUCTURE"
      tags.SUBDIVISION:                                  "INFRASTRUCTURE_SHAREDSERVICES"
      vpc_id:                                            "${aws_vpc.use1-main.id}"

  + aws_subnet.use1-william-proxy
      id:                                                <computed>
      arn:                                               <computed>
      assign_ipv6_address_on_creation:                   "false"
      availability_zone:                                 "us-east-1b"
      cidr_block:                                        "10.5.228.0/24"
      ipv6_cidr_block:                                   <computed>
      ipv6_cidr_block_association_id:                    <computed>
      map_public_ip_on_launch:                           "false"
      tags.%:                                            "2"
      tags.DIVISION:                                     "INFRASTRUCTURE"
      tags.SUBDIVISION:                                  "INFRASTRUCTURE_SHAREDSERVICES"
      vpc_id:                                            "${aws_vpc.use1-main.id}"

  + aws_vpc.use1-main
      id:                                                <computed>
      arn:                                               <computed>
      assign_generated_ipv6_cidr_block:                  "false"
      cidr_block:                                        "10.5.228.0/22"
      default_network_acl_id:                            <computed>
      default_route_table_id:                            <computed>
      default_security_group_id:                         <computed>
      dhcp_options_id:                                   <computed>
      enable_classiclink:                                <computed>
      enable_classiclink_dns_support:                    <computed>
      enable_dns_hostnames:                              "true"
      enable_dns_support:                                "true"
      instance_tenancy:                                  "default"
      ipv6_association_id:                               <computed>
      ipv6_cidr_block:                                   <computed>
      main_route_table_id:                               <computed>
      tags.%:                                            "2"
      tags.DIVISION:                                     "INFRASTRUCTURE"
      tags.SUBDIVISION:                                  "INFRASTRUCTURE_SHAREDSERVICES"

  + aws_vpn_gateway.use1-main
      id:                                                <computed>
      amazon_side_asn:                                   <computed>
      tags.%:                                            "2"
      tags.DIVISION:                                     "INFRASTRUCTURE"
      tags.SUBDIVISION:                                  "INFRASTRUCTURE_SHAREDSERVICES"
      vpc_id:                                            "${aws_vpc.use1-main.id}"
Plan: 35 to add, 0 to change, 0 to destroy.

------------------------------------------------------------------------

Note: You didn't specify an "-out" parameter to save this plan, so Terraform
can't guarantee that exactly these actions will be performed if
"terraform apply" is subsequently run.

